1646370989137	geckodriver	INFO	Listening on 127.0.0.1:57711
1646370992184	mozrunner::runner	INFO	Running command: "C:\\Program Files\\Mozilla Firefox\\firefox.exe" "--marionette" "-headless" "-no-remote" "-profile" "C:\\Users\\UseR\\AppData\\Local\\Temp\\rust_mozprofile6QiVfN"
*** You are running in headless mode.
1646370992561	Marionette	INFO	Marionette enabled
[GFX1-]: RenderCompositorSWGL failed mapping default framebuffer, no dt
console.warn: SearchSettings: "get: No settings file exists, new profile?" (new NotFoundError("Could not open the file at C:\\Users\\UseR\\AppData\\Local\\Temp\\rust_mozprofile6QiVfN\\search.json.mozlz4", (void 0)))
1646370993780	Marionette	INFO	Listening on port 57719
1646370994234	RemoteAgent	WARN	TLS certificate errors will be ignored for this session
JavaScript warning: https://www.amazon.com/ line 2076 > injectedScript, line 1: WEBGL_debug_renderer_info is deprecated in Firefox and will be removed. Please use RENDERER.
1646371522602	addons.xpi	ERROR	System addon update list error Error: Failed downloading XML, status: 0, reason: timeout
Exiting due to channel error.
Exiting due to channel error.
Exiting due to channel error.
Exiting due to channel error.
al\\Temp\\rust_mozprofilekeveUS"
*** You are running in headless mode.
1646371060647	Marionette	INFO	Marionette enabled
[GFX1-]: RenderCompositorSWGL failed mapping default framebuffer, no dt
console.warn: SearchSettings: "get: No settings file exists, new profile?" (new NotFoundError("Could not open the file at C:\\Users\\UseR\\AppData\\Local\\Temp\\rust_mozprofilekeveUS\\search.json.mozlz4", (void 0)))
1646371061678	Marionette	INFO	Listening on port 63692
1646371061878	RemoteAgent	WARN	TLS certificate errors will be ignored for this session
JavaScript warning: https://www.amazon.com/ line 2159 > injectedScript, line 1: WEBGL_debug_renderer_info is deprecated in Firefox and will be removed. Please use RENDERER.
1646371590270	addons.xpi	ERROR	System addon update list error Error: Failed downloading XML, status: 0, reason: error
Exiting due to channel error.
Exiting due to channel error.
Exiting due to channel error.
Exiting due to channel error.
rust_mozprofileS9GR4e"
1646371551846	Marionette	INFO	Marionette enabled
console.warn: SearchSettings: "get: No settings file exists, new profile?" (new NotFoundError("Could not open the file at C:\\Users\\UseR\\AppData\\Local\\Temp\\rust_mozprofileS9GR4e\\search.json.mozlz4", (void 0)))
1646371553735	Marionette	INFO	Listening on port 61778
1646371554241	RemoteAgent	WARN	TLS certificate errors will be ignored for this session
console.warn: LoginRecipes: "getRecipes: falling back to a synchronous message for:" "https://sso.teachable.com"
JavaScript error: resource://gre/modules/AsyncShutdown.jsm, line 575: NotFoundError: No such JSWindowActor 'DevToolsFrame'
1646372586537	Marionette	INFO	Stopped listening on port 61778
ote" "-profile" "C:\\Users\\UseR\\AppData\\Local\\Temp\\rust_mozprofilewfJYQ9"
1646371667556	Marionette	INFO	Marionette enabled
console.warn: SearchSettings: "get: No settings file exists, new profile?" (new NotFoundError("Could not open the file at C:\\Users\\UseR\\AppData\\Local\\Temp\\rust_mozprofilewfJYQ9\\search.json.mozlz4", (void 0)))
1646371669351	Marionette	INFO	Listening on port 61861
1646371669433	RemoteAgent	WARN	TLS certificate errors will be ignored for this session
1646372584636	Marionette	INFO	Stopped listening on port 61861
